<?xml version="1.0" encoding="UTF-8"?>
<!-- Generated by org.testng.reporters.JUnitReportReporter -->
<testsuite hostname="DESKTOP-9HD1UFT" failures="0" tests="1" name="driverFactory.AppTest" time="133.532" errors="0" timestamp="2024-02-12T10:48:34 IST" skipped="0">
  <testcase classname="driverFactory.AppTest" name="startTest" time="133.532">
    <system-out>
      <![CDATA[No of rows are::8
Customer Number Matching::Customer-00000001538       Customer-00000001538
Customer Number Matching::Customer-00000001539       Customer-00000001539
Customer Number Matching::Customer-00000001540       Customer-00000001540
Customer Number Matching::Customer-00000001541       Customer-00000001541
Customer Number Matching::Customer-00000001542       Customer-00000001542
Customer Number Matching::Customer-00000001543       Customer-00000001543
Customer Number Matching::Customer-00000001544       Customer-00000001544
Customer Number Matching::Customer-00000001545       Customer-00000001545]]>
    </system-out>
  </testcase> <!-- startTest -->
  <system-out>
    <![CDATA[No of rows are::8
Customer Number Matching::Customer-00000001538       Customer-00000001538
Customer Number Matching::Customer-00000001539       Customer-00000001539
Customer Number Matching::Customer-00000001540       Customer-00000001540
Customer Number Matching::Customer-00000001541       Customer-00000001541
Customer Number Matching::Customer-00000001542       Customer-00000001542
Customer Number Matching::Customer-00000001543       Customer-00000001543
Customer Number Matching::Customer-00000001544       Customer-00000001544
Customer Number Matching::Customer-00000001545       Customer-00000001545]]>
  </system-out>
</testsuite> <!-- driverFactory.AppTest -->
